acom -O3 -e 100 -work Hardware_Project -2002  "$dsn/src/Instruction Memory.vhd"
# Compile Entity "InstructionMemory"
# Compile Architecture "InstructionMemory" of Entity "InstructionMemory"
# Error: COMP96_0331: Instruction Memory.vhd : (32, 2): Syntax error in expression.
# Compile failure 1 Errors 0 Warnings  Analysis time :  0.0 [ms]
acom -O3 -e 100 -work Hardware_Project -2002  "$dsn/src/Instruction Memory.vhd"
# Compile Entity "InstructionMemory"
# Compile Architecture "InstructionMemory" of Entity "InstructionMemory"
# Error: COMP96_0367: Instruction Memory.vhd : (15, 30): Improper array length (0). Expected length is 32.
# Error: COMP96_0367: Instruction Memory.vhd : (16, 12): Improper array length (0). Expected length is 32.
# Error: COMP96_0367: Instruction Memory.vhd : (17, 9): Improper array length (0). Expected length is 32.
# Error: COMP96_0367: Instruction Memory.vhd : (18, 9): Improper array length (0). Expected length is 32.
# Error: COMP96_0367: Instruction Memory.vhd : (19, 9): Improper array length (0). Expected length is 32.
# Error: COMP96_0367: Instruction Memory.vhd : (20, 9): Improper array length (0). Expected length is 32.
# Error: COMP96_0367: Instruction Memory.vhd : (21, 9): Improper array length (0). Expected length is 32.
# Error: COMP96_0367: Instruction Memory.vhd : (22, 9): Improper array length (0). Expected length is 32.
# Error: COMP96_0367: Instruction Memory.vhd : (23, 9): Improper array length (0). Expected length is 32.
# Error: COMP96_0367: Instruction Memory.vhd : (24, 9): Improper array length (0). Expected length is 32.
# Error: COMP96_0367: Instruction Memory.vhd : (25, 9): Improper array length (0). Expected length is 32.
# Error: COMP96_0367: Instruction Memory.vhd : (26, 9): Improper array length (0). Expected length is 32.
# Error: COMP96_0078: Instruction Memory.vhd : (35, 2): Unknown identifier "Instruction".
# Error: COMP96_0133: Instruction Memory.vhd : (35, 2): Cannot find object declaration.
# Error: COMP96_0078: Instruction Memory.vhd : (36, 8): Unknown identifier "to_integer".
# Error: COMP96_0078: Instruction Memory.vhd : (36, 19): Unknown identifier "unsigned".
# Error: COMP96_0078: Instruction Memory.vhd : (36, 28): Unknown identifier "ReadAdress".
# Error: COMP96_0133: Instruction Memory.vhd : (36, 28): Cannot find object declaration.
# Error: COMP96_0133: Instruction Memory.vhd : (36, 19): Cannot find object declaration.
# Compile failure 19 Errors 0 Warnings  Analysis time :  0.0 [ms]
acom -O3 -e 100 -work Hardware_Project -2002  "$dsn/src/Instruction Memory.vhd"
# Compile Entity "InstructionMemory"
# Compile Architecture "InstructionMemory" of Entity "InstructionMemory"
# Error: COMP96_0367: Instruction Memory.vhd : (16, 30): Improper array length (0). Expected length is 32.
# Error: COMP96_0367: Instruction Memory.vhd : (17, 12): Improper array length (0). Expected length is 32.
# Error: COMP96_0367: Instruction Memory.vhd : (18, 9): Improper array length (0). Expected length is 32.
# Error: COMP96_0367: Instruction Memory.vhd : (19, 9): Improper array length (0). Expected length is 32.
# Error: COMP96_0367: Instruction Memory.vhd : (20, 9): Improper array length (0). Expected length is 32.
# Error: COMP96_0367: Instruction Memory.vhd : (21, 9): Improper array length (0). Expected length is 32.
# Error: COMP96_0367: Instruction Memory.vhd : (22, 9): Improper array length (0). Expected length is 32.
# Error: COMP96_0367: Instruction Memory.vhd : (23, 9): Improper array length (0). Expected length is 32.
# Error: COMP96_0367: Instruction Memory.vhd : (24, 9): Improper array length (0). Expected length is 32.
# Error: COMP96_0367: Instruction Memory.vhd : (25, 9): Improper array length (0). Expected length is 32.
# Error: COMP96_0367: Instruction Memory.vhd : (26, 9): Improper array length (0). Expected length is 32.
# Error: COMP96_0367: Instruction Memory.vhd : (27, 9): Improper array length (0). Expected length is 32.
# Error: COMP96_0078: Instruction Memory.vhd : (36, 2): Unknown identifier "Instruction".
# Error: COMP96_0133: Instruction Memory.vhd : (36, 2): Cannot find object declaration.
# Error: COMP96_0078: Instruction Memory.vhd : (37, 28): Unknown identifier "ReadAdress".
# Error: COMP96_0133: Instruction Memory.vhd : (37, 28): Cannot find object declaration.
# Compile failure 16 Errors 0 Warnings  Analysis time :  31.0 [ms]
acom -O3 -e 100 -work Hardware_Project -2002  "$dsn/src/Instruction Memory.vhd"
# Compile Entity "InstructionMemory"
# Compile Architecture "InstructionMemory" of Entity "InstructionMemory"
# Error: COMP96_0367: Instruction Memory.vhd : (16, 30): Improper array length (0). Expected length is 32.
# Error: COMP96_0367: Instruction Memory.vhd : (17, 12): Improper array length (0). Expected length is 32.
# Error: COMP96_0367: Instruction Memory.vhd : (18, 9): Improper array length (0). Expected length is 32.
# Error: COMP96_0367: Instruction Memory.vhd : (19, 9): Improper array length (0). Expected length is 32.
# Error: COMP96_0367: Instruction Memory.vhd : (20, 9): Improper array length (0). Expected length is 32.
# Error: COMP96_0367: Instruction Memory.vhd : (21, 9): Improper array length (0). Expected length is 32.
# Error: COMP96_0367: Instruction Memory.vhd : (22, 9): Improper array length (0). Expected length is 32.
# Error: COMP96_0367: Instruction Memory.vhd : (23, 9): Improper array length (0). Expected length is 32.
# Error: COMP96_0367: Instruction Memory.vhd : (24, 9): Improper array length (0). Expected length is 32.
# Error: COMP96_0367: Instruction Memory.vhd : (25, 9): Improper array length (0). Expected length is 32.
# Error: COMP96_0367: Instruction Memory.vhd : (26, 9): Improper array length (0). Expected length is 32.
# Error: COMP96_0367: Instruction Memory.vhd : (27, 9): Improper array length (0). Expected length is 32.
# Error: COMP96_0078: Instruction Memory.vhd : (36, 2): Unknown identifier "Instruction".
# Error: COMP96_0133: Instruction Memory.vhd : (36, 2): Cannot find object declaration.
# Error: COMP96_0078: Instruction Memory.vhd : (37, 28): Unknown identifier "ReadAdress".
# Error: COMP96_0133: Instruction Memory.vhd : (37, 28): Cannot find object declaration.
# Compile failure 16 Errors 0 Warnings  Analysis time :  0.0 [ms]
acom -O3 -e 100 -work Hardware_Project -2002  $dsn/src/Registers.vhd
# Compile Entity "Registers"
# Compile Architecture "Registers" of Entity "Registers"
# Compile success 0 Errors 0 Warnings  Analysis time :  15.0 [ms]
acom -O3 -e 100 -work Hardware_Project -2002  "$dsn/src/Instruction Memory.vhd"
# Compile Entity "InstructionMemory"
# Compile Architecture "InstructionMemory" of Entity "InstructionMemory"
# Error: COMP96_0367: Instruction Memory.vhd : (16, 30): Improper array length (0). Expected length is 32.
# Error: COMP96_0367: Instruction Memory.vhd : (17, 12): Improper array length (0). Expected length is 32.
# Error: COMP96_0367: Instruction Memory.vhd : (18, 9): Improper array length (0). Expected length is 32.
# Error: COMP96_0367: Instruction Memory.vhd : (19, 9): Improper array length (0). Expected length is 32.
# Error: COMP96_0367: Instruction Memory.vhd : (20, 9): Improper array length (0). Expected length is 32.
# Error: COMP96_0367: Instruction Memory.vhd : (21, 9): Improper array length (0). Expected length is 32.
# Error: COMP96_0367: Instruction Memory.vhd : (22, 9): Improper array length (0). Expected length is 32.
# Error: COMP96_0367: Instruction Memory.vhd : (23, 9): Improper array length (0). Expected length is 32.
# Error: COMP96_0367: Instruction Memory.vhd : (24, 9): Improper array length (0). Expected length is 32.
# Error: COMP96_0367: Instruction Memory.vhd : (25, 9): Improper array length (0). Expected length is 32.
# Error: COMP96_0367: Instruction Memory.vhd : (26, 9): Improper array length (0). Expected length is 32.
# Error: COMP96_0367: Instruction Memory.vhd : (27, 9): Improper array length (0). Expected length is 32.
# Error: COMP96_0078: Instruction Memory.vhd : (36, 2): Unknown identifier "Instruction".
# Error: COMP96_0133: Instruction Memory.vhd : (36, 2): Cannot find object declaration.
# Error: COMP96_0078: Instruction Memory.vhd : (37, 28): Unknown identifier "ReadAdress".
# Error: COMP96_0133: Instruction Memory.vhd : (37, 28): Cannot find object declaration.
# Compile failure 16 Errors 0 Warnings  Analysis time :  16.0 [ms]
acom -O3 -e 100 -work Hardware_Project -2002  "$dsn/src/Instruction Memory.vhd"
# Compile Entity "InstructionMemory"
# Compile Architecture "InstructionMemory" of Entity "InstructionMemory"
# Error: COMP96_0078: Instruction Memory.vhd : (36, 2): Unknown identifier "Instruction".
# Error: COMP96_0133: Instruction Memory.vhd : (36, 2): Cannot find object declaration.
# Error: COMP96_0078: Instruction Memory.vhd : (37, 28): Unknown identifier "ReadAdress".
# Error: COMP96_0133: Instruction Memory.vhd : (37, 28): Cannot find object declaration.
# Compile failure 4 Errors 0 Warnings  Analysis time :  15.0 [ms]
acom -O3 -e 100 -work Hardware_Project -2002  "$dsn/src/Instruction Memory.vhd"
# Compile Entity "InstructionMemory"
# Compile Architecture "InstructionMemory" of Entity "InstructionMemory"
# Error: COMP96_0078: Instruction Memory.vhd : (36, 2): Unknown identifier "Instruction".
# Error: COMP96_0133: Instruction Memory.vhd : (36, 2): Cannot find object declaration.
# Error: COMP96_0078: Instruction Memory.vhd : (37, 28): Unknown identifier "ReadAdress".
# Error: COMP96_0133: Instruction Memory.vhd : (37, 28): Cannot find object declaration.
# Compile failure 4 Errors 0 Warnings  Analysis time :  0.0 [ms]
acom -O3 -e 100 -work Hardware_Project -2002  "$dsn/src/Instruction Memory.vhd"
# Compile Entity "InstructionMemory"
# Compile Architecture "InstructionMemory" of Entity "InstructionMemory"
# Error: COMP96_0078: Instruction Memory.vhd : (36, 2): Unknown identifier "Instruction".
# Error: COMP96_0133: Instruction Memory.vhd : (36, 2): Cannot find object declaration.
# Error: COMP96_0078: Instruction Memory.vhd : (37, 28): Unknown identifier "ReadAdress".
# Error: COMP96_0133: Instruction Memory.vhd : (37, 28): Cannot find object declaration.
# Compile failure 4 Errors 0 Warnings  Analysis time :  16.0 [ms]
acom -O3 -e 100 -work Hardware_Project -2002  "$dsn/src/Instruction Memory.vhd"
# Compile Entity "InstructionMemory"
# Compile Architecture "InstructionMemory" of Entity "InstructionMemory"
# Error: COMP96_0078: Instruction Memory.vhd : (37, 28): Unknown identifier "ReadAdress".
# Error: COMP96_0133: Instruction Memory.vhd : (37, 28): Cannot find object declaration.
# Error: COMP96_0149: Instruction Memory.vhd : (37, 28): Explicit type conversions are allowed between closely related types only.
# Compile failure 3 Errors 0 Warnings  Analysis time :  16.0 [ms]
acom -O3 -e 100 -work Hardware_Project -2002  "$dsn/src/Instruction Memory.vhd"
# Compile Entity "InstructionMemory"
# Compile Architecture "InstructionMemory" of Entity "InstructionMemory"
# Compile success 0 Errors 0 Warnings  Analysis time :  15.0 [ms]
acom -O3 -e 100 -work Hardware_Project -2002  $dsn/src/DataMemory.vhd
# Compile Entity "DataMemory"
# Compile Architecture "DataMemory" of Entity "DataMemory"
# Error: COMP96_0078: DataMemory.vhd : (43, 29): Unknown identifier "ReadAddress".
# Error: COMP96_0133: DataMemory.vhd : (43, 29): Cannot find object declaration.
# Error: COMP96_0149: DataMemory.vhd : (43, 29): Explicit type conversions are allowed between closely related types only.
# Error: COMP96_0078: DataMemory.vhd : (47, 6): Unknown identifier "MemWRead".
# Error: COMP96_0133: DataMemory.vhd : (47, 6): Cannot find object declaration.
# Error: COMP96_0077: DataMemory.vhd : (47, 5): Undefined type of expression. Expected type 'BOOLEAN'.
# Error: COMP96_0078: DataMemory.vhd : (48, 41): Unknown identifier "ReadAddress".
# Error: COMP96_0133: DataMemory.vhd : (48, 41): Cannot find object declaration.
# Error: COMP96_0149: DataMemory.vhd : (48, 41): Explicit type conversions are allowed between closely related types only.
# Error: COMP96_0617: DataMemory.vhd : (48, 16): Assignment target incompatible with right side. Cannot convert 'BOOLEAN' to 'STD_LOGIC_VECTOR'.
# Compile failure 10 Errors 0 Warnings  Analysis time :  0.0 [ms]
acom -O3 -e 100 -work Hardware_Project -2002  